Using pre-set license
Built from '2020.2/release' branch; Version is '2020.2.2f1 (068178b99f32) revision 426360'; Using compiler version '192528614'; Build Type 'Release'
OS: 'Windows 10 Pro; OS build 19042.928; Version 2009; 64bit' Language: 'tr' Physical Memory: 32675 MB
BatchMode: 1, IsHumanControllingUs: 0, StartBugReporterOnCrash: 0, Is64bit: 1, IsPro: 0

 COMMAND LINE ARGUMENTS:
C:\Program Files\Unity\Hub\Editor\2020.2.2f1\Editor\Unity.exe
-adb2
-batchMode
-noUpm
-name
AssetImportWorker0
-projectPath
C:/Users/info/Documents/GitHub/UnityGLTF/UnityGLTF
-logFile
Logs/AssetImportWorker0.log
-srvPort
64414
Successfully changed project path to: C:/Users/info/Documents/GitHub/UnityGLTF/UnityGLTF
C:/Users/info/Documents/GitHub/UnityGLTF/UnityGLTF
Using Asset Import Pipeline V2.
Refreshing native plugins compatible for Editor in 52.27 ms, found 0 plugins.
Preloading 0 native plugins for Editor in 0.00 ms.
Initialize engine version: 2020.2.2f1 (068178b99f32)
[Subsystems] Discovering subsystems at path C:/Program Files/Unity/Hub/Editor/2020.2.2f1/Editor/Data/Resources/UnitySubsystems
[Subsystems] Discovering subsystems at path C:/Users/info/Documents/GitHub/UnityGLTF/UnityGLTF/Assets
GfxDevice: creating device client; threaded=0
Direct3D:
    Version:  Direct3D 11.0 [level 11.1]
    Renderer: NVIDIA GeForce GTX 1070 (ID=0x1b81)
    Vendor:   
    VRAM:     8088 MB
    Driver:   27.21.14.6140
Initialize mono
Mono path[0] = 'C:/Program Files/Unity/Hub/Editor/2020.2.2f1/Editor/Data/Managed'
Mono path[1] = 'C:/Program Files/Unity/Hub/Editor/2020.2.2f1/Editor/Data/MonoBleedingEdge/lib/mono/unityjit'
Mono config path = 'C:/Program Files/Unity/Hub/Editor/2020.2.2f1/Editor/Data/MonoBleedingEdge/etc'
Using monoOptions --debugger-agent=transport=dt_socket,embedding=1,server=y,suspend=n,address=127.0.0.1:56788
Begin MonoManager ReloadAssembly
Registering precompiled unity dll's ...
Register platform support module: C:/Program Files/Unity/Hub/Editor/2020.2.2f1/Editor/Data/PlaybackEngines/WebGLSupport/UnityEditor.WebGL.Extensions.dll
Register platform support module: C:/Program Files/Unity/Hub/Editor/2020.2.2f1/Editor/Data/PlaybackEngines/WindowsStandaloneSupport/UnityEditor.WindowsStandalone.Extensions.dll
Registered in 0.002499 seconds.
Native extension for WindowsStandalone target not found
Native extension for WebGL target not found
Refreshing native plugins compatible for Editor in 26.87 ms, found 0 plugins.
Preloading 0 native plugins for Editor in 0.00 ms.
Invoked RoslynAnalysisRunner static constructor.
RoslynAnalysisRunner will not be running.
RoslynAnalysisRunner has terminated.
Mono: successfully reloaded assembly
- Completed reload, in  1.356 seconds
Platform modules already initialized, skipping
Registering precompiled user dll's ...
Registered in 0.038257 seconds.
Begin MonoManager ReloadAssembly
Symbol file LoadedFromMemory is not a mono symbol file
Native extension for WindowsStandalone target not found
Native extension for WebGL target not found
Refreshing native plugins compatible for Editor in 37.50 ms, found 0 plugins.
Preloading 0 native plugins for Editor in 0.00 ms.
Invoked RoslynAnalysisRunner static constructor.
RoslynAnalysisRunner will not be running.
RoslynAnalysisRunner has terminated.
Mono: successfully reloaded assembly
- Completed reload, in  1.505 seconds
Platform modules already initialized, skipping
========================================================================
Worker process is ready to serve import requests
Launched and connected shader compiler UnityShaderCompiler.exe after 0.11 seconds
Refreshing native plugins compatible for Editor in 0.71 ms, found 0 plugins.
Preloading 0 native plugins for Editor in 0.00 ms.
Unloading 1231 Unused Serialized files (Serialized files now loaded: 0)
System memory in use before: 61.6 MB.
System memory in use after: 61.7 MB.

Unloading 86 unused Assets to reduce memory usage. Loaded Objects now: 1596.
Total: 1.802200 ms (FindLiveObjects: 0.155200 ms CreateObjectMapping: 0.043500 ms MarkObjects: 1.506500 ms  DeleteObjects: 0.096000 ms)

========================================================================
Received Import Request.
  path: Assets/UnityGLTF/Scripts
  artifactKey: Guid(d8c0143fe96d00349bf1a9a1f642ba82) Importer(815301076,1909f56bfc062723c751e8b465ee728b)
Start importing Assets/UnityGLTF/Scripts using Guid(d8c0143fe96d00349bf1a9a1f642ba82) Importer(815301076,1909f56bfc062723c751e8b465ee728b)  -> (artifact id: '7ce6c950529af014e58ae940ccb12410') in 0.009243 seconds
  Import took 0.011745 seconds .

========================================================================
Received Import Request.
  Time since last request: 0.000283 seconds.
  path: Assets/UnityGLTF/Samples
  artifactKey: Guid(3234fd5781447654daccb7adb9f2d39d) Importer(815301076,1909f56bfc062723c751e8b465ee728b)
Start importing Assets/UnityGLTF/Samples using Guid(3234fd5781447654daccb7adb9f2d39d) Importer(815301076,1909f56bfc062723c751e8b465ee728b)  -> (artifact id: '5c782e7d2c0f4ac25be7153823f1b9cb') in 0.010603 seconds
  Import took 0.013193 seconds .

========================================================================
Received Import Request.
  Time since last request: 0.000229 seconds.
  path: Assets/UnityGLTF
  artifactKey: Guid(a4310d429f4807e418f00f304ae7387a) Importer(815301076,1909f56bfc062723c751e8b465ee728b)
Start importing Assets/UnityGLTF using Guid(a4310d429f4807e418f00f304ae7387a) Importer(815301076,1909f56bfc062723c751e8b465ee728b)  -> (artifact id: 'd71c23b71505f1e087fe06358e769bfc') in 0.008689 seconds
  Import took 0.010762 seconds .

========================================================================
Received Import Request.
  Time since last request: 0.000232 seconds.
  path: Assets/Main.unity
  artifactKey: Guid(4b3020fb0b0588247a945afb3e2d8de7) Importer(815301076,1909f56bfc062723c751e8b465ee728b)
Start importing Assets/Main.unity using Guid(4b3020fb0b0588247a945afb3e2d8de7) Importer(815301076,1909f56bfc062723c751e8b465ee728b)  -> (artifact id: '140fb770adcce52672592f04224b4c5e') in 0.015414 seconds
  Import took 0.017753 seconds .

========================================================================
Received Import Request.
  Time since last request: 0.000225 seconds.
  path: Assets/UnityGLTF/Samples/AnimatedCube.unity
  artifactKey: Guid(fb84f951a6d047a42954ae48b885521d) Importer(815301076,1909f56bfc062723c751e8b465ee728b)
Start importing Assets/UnityGLTF/Samples/AnimatedCube.unity using Guid(fb84f951a6d047a42954ae48b885521d) Importer(815301076,1909f56bfc062723c751e8b465ee728b)  -> (artifact id: '1c855714dd98c1ae508ad6aa06292c5f') in 0.006992 seconds
  Import took 0.009562 seconds .

========================================================================
Received Prepare
Registering precompiled user dll's ...
Registered in 0.036386 seconds.
Begin MonoManager ReloadAssembly
Symbol file LoadedFromMemory is not a mono symbol file
Native extension for WindowsStandalone target not found
Native extension for WebGL target not found
Refreshing native plugins compatible for Editor in 0.68 ms, found 0 plugins.
Preloading 0 native plugins for Editor in 0.00 ms.
Invoked RoslynAnalysisRunner static constructor.
RoslynAnalysisRunner will not be running.
RoslynAnalysisRunner has terminated.
Mono: successfully reloaded assembly
- Completed reload, in  0.863 seconds
Platform modules already initialized, skipping
Refreshing native plugins compatible for Editor in 0.69 ms, found 0 plugins.
Preloading 0 native plugins for Editor in 0.00 ms.
Unloading 1221 Unused Serialized files (Serialized files now loaded: 0)
System memory in use before: 61.3 MB.
System memory in use after: 61.4 MB.

Unloading 81 unused Assets to reduce memory usage. Loaded Objects now: 1598.
Total: 2.043500 ms (FindLiveObjects: 0.184600 ms CreateObjectMapping: 0.048200 ms MarkObjects: 1.761500 ms  DeleteObjects: 0.048000 ms)

========================================================================
Received Import Request.
  Time since last request: 18.212900 seconds.
  path: Assets/UnityGLTF/Samples/AssetMergeTestScene.unity
  artifactKey: Guid(bd1231aa6ce5b384c81e0045766c6db2) Importer(815301076,1909f56bfc062723c751e8b465ee728b)
Start importing Assets/UnityGLTF/Samples/AssetMergeTestScene.unity using Guid(bd1231aa6ce5b384c81e0045766c6db2) Importer(815301076,1909f56bfc062723c751e8b465ee728b)  -> (artifact id: '142561f15532b42eb571ac54f01b90e8') in 0.017494 seconds
  Import took 0.020233 seconds .

========================================================================
Received Import Request.
  Time since last request: 0.606220 seconds.
  path: Assets/UnityGLTF/Samples/Benchmark.unity
  artifactKey: Guid(e67b7ff194f3d0c4bbd1c24f3fcf7d09) Importer(815301076,1909f56bfc062723c751e8b465ee728b)
Start importing Assets/UnityGLTF/Samples/Benchmark.unity using Guid(e67b7ff194f3d0c4bbd1c24f3fcf7d09) Importer(815301076,1909f56bfc062723c751e8b465ee728b)  -> (artifact id: '7a9fc1c09acfe02172be0c0397f8303e') in 0.009119 seconds
  Import took 0.011902 seconds .

========================================================================
Received Import Request.
  Time since last request: 3.523945 seconds.
  path: Assets/UnityGLTF/Samples/BinaryCorsetTestScene.unity
  artifactKey: Guid(ba9f47b2af06bd44c8fb7877bae29e16) Importer(815301076,1909f56bfc062723c751e8b465ee728b)
Start importing Assets/UnityGLTF/Samples/BinaryCorsetTestScene.unity using Guid(ba9f47b2af06bd44c8fb7877bae29e16) Importer(815301076,1909f56bfc062723c751e8b465ee728b)  -> (artifact id: '92e81b8e1ec2cc8760d1017b14f3904d') in 0.008601 seconds
  Import took 0.011149 seconds .

========================================================================
Received Import Request.
  Time since last request: 10.344994 seconds.
  path: Assets/UnityGLTF/Samples/BinaryBoomBoxTestScene.unity
  artifactKey: Guid(7bdca45e8c776c540bb1483ed5848eec) Importer(815301076,1909f56bfc062723c751e8b465ee728b)
Start importing Assets/UnityGLTF/Samples/BinaryBoomBoxTestScene.unity using Guid(7bdca45e8c776c540bb1483ed5848eec) Importer(815301076,1909f56bfc062723c751e8b465ee728b)  -> (artifact id: 'e4139ea495cebefcd9e2b2346dc3d75b') in 0.008907 seconds
  Import took 0.011325 seconds .

========================================================================
Received Import Request.
  Time since last request: 21.717116 seconds.
  path: Assets/UnityGLTF/Samples/UWPTestScene.unity
  artifactKey: Guid(9754353895356ff4ea70dce4d6df4d75) Importer(815301076,1909f56bfc062723c751e8b465ee728b)
Start importing Assets/UnityGLTF/Samples/UWPTestScene.unity using Guid(9754353895356ff4ea70dce4d6df4d75) Importer(815301076,1909f56bfc062723c751e8b465ee728b)  -> (artifact id: '3b120d8e357d45da01c236596602c3ee') in 0.009480 seconds
  Import took 0.012189 seconds .

========================================================================
Received Import Request.
  Time since last request: 1.442955 seconds.
  path: Assets/UnityGLTF/Samples/Models
  artifactKey: Guid(c24f84562f8757440a0f8b47f09614c7) Importer(815301076,1909f56bfc062723c751e8b465ee728b)
Start importing Assets/UnityGLTF/Samples/Models using Guid(c24f84562f8757440a0f8b47f09614c7) Importer(815301076,1909f56bfc062723c751e8b465ee728b)  -> (artifact id: '32e6fb50c8612ea543f54cc39b595243') in 0.009825 seconds
  Import took 0.012631 seconds .

========================================================================
Received Import Request.
  Time since last request: 1.376700 seconds.
  path: Assets/UnityGLTF/Samples/Models/d8.fbx
  artifactKey: Guid(78f6fd4e1f591d348a0e9cb0cec70f1e) Importer(815301076,1909f56bfc062723c751e8b465ee728b)
Start importing Assets/UnityGLTF/Samples/Models/d8.fbx using Guid(78f6fd4e1f591d348a0e9cb0cec70f1e) Importer(815301076,1909f56bfc062723c751e8b465ee728b)  -> (artifact id: 'ba826f70b4ca58dee242ef8ecab2b659') in 0.874564 seconds
  Import took 0.880514 seconds .

========================================================================
Received Import Request.
  Time since last request: 9.899140 seconds.
  path: Assets/UnityGLTF/Samples/Scripts
  artifactKey: Guid(3762d3d344c0ba84d89e58f7b36435af) Importer(815301076,1909f56bfc062723c751e8b465ee728b)
Start importing Assets/UnityGLTF/Samples/Scripts using Guid(3762d3d344c0ba84d89e58f7b36435af) Importer(815301076,1909f56bfc062723c751e8b465ee728b)  -> (artifact id: '24f30ce8bbbde0a96abfae597e27d89f') in 0.003408 seconds
  Import took 0.006105 seconds .

========================================================================
Received Import Request.
  Time since last request: 0.000715 seconds.
  path: Assets/UnityGLTF/Samples/Scripts
  artifactKey: Guid(3762d3d344c0ba84d89e58f7b36435af) Importer(815301076,1909f56bfc062723c751e8b465ee728b)
Start importing Assets/UnityGLTF/Samples/Scripts using Guid(3762d3d344c0ba84d89e58f7b36435af) Importer(815301076,1909f56bfc062723c751e8b465ee728b)  -> (artifact id: '24f30ce8bbbde0a96abfae597e27d89f') in 0.003675 seconds
  Import took 0.006242 seconds .

========================================================================
Received Import Request.
  Time since last request: 6.278484 seconds.
  path: Assets/UnityGLTF/Runtime/Prefabs
  artifactKey: Guid(6a03e64c2c3aba94eaecf31ffe847f86) Importer(815301076,1909f56bfc062723c751e8b465ee728b)
Start importing Assets/UnityGLTF/Runtime/Prefabs using Guid(6a03e64c2c3aba94eaecf31ffe847f86) Importer(815301076,1909f56bfc062723c751e8b465ee728b)  -> (artifact id: 'ad7e6391a25d48a2145ef33538adacfd') in 0.009749 seconds
  Import took 0.012576 seconds .

========================================================================
Received Import Request.
  Time since last request: 0.889608 seconds.
  path: Assets/UnityGLTF/Runtime/Prefabs/GLTF.prefab
  artifactKey: Guid(5255039e40b37b14fbcc0b72a30fc62e) Importer(815301076,1909f56bfc062723c751e8b465ee728b)
Start importing Assets/UnityGLTF/Runtime/Prefabs/GLTF.prefab using Guid(5255039e40b37b14fbcc0b72a30fc62e) Importer(815301076,1909f56bfc062723c751e8b465ee728b)  -> (artifact id: '6cc5bff541e80669297bdad2d6851946') in 0.015043 seconds
  Import took 0.018205 seconds .

========================================================================
Received Import Request.
  Time since last request: 17.061907 seconds.
  path: Assets/mcs.rsp
  artifactKey: Guid(2b9bbe579380e1b4d9cfb38838d4f9ab) Importer(815301076,1909f56bfc062723c751e8b465ee728b)
Start importing Assets/mcs.rsp using Guid(2b9bbe579380e1b4d9cfb38838d4f9ab) Importer(815301076,1909f56bfc062723c751e8b465ee728b)  -> (artifact id: '243f205c9517556e604b9a91bf44e133') in 0.013123 seconds
  Import took 0.015822 seconds .

========================================================================
Received Import Request.
  Time since last request: 3.088402 seconds.
  path: Assets/UnityGLTF/Tests
  artifactKey: Guid(efca4065c40d35e42a4f50c987a93318) Importer(815301076,1909f56bfc062723c751e8b465ee728b)
Start importing Assets/UnityGLTF/Tests using Guid(efca4065c40d35e42a4f50c987a93318) Importer(815301076,1909f56bfc062723c751e8b465ee728b)  -> (artifact id: '351f94fcfb1a5584d5ce6ad98c1ec419') in 0.011304 seconds
  Import took 0.014036 seconds .

========================================================================
Received Import Request.
  Time since last request: 5.387654 seconds.
  path: Assets/UnityGLTF/Samples/ExportTestScene.unity
  artifactKey: Guid(1492280843c14944f8919eda7fa0fb58) Importer(815301076,1909f56bfc062723c751e8b465ee728b)
Start importing Assets/UnityGLTF/Samples/ExportTestScene.unity using Guid(1492280843c14944f8919eda7fa0fb58) Importer(815301076,1909f56bfc062723c751e8b465ee728b)  -> (artifact id: '847e152bc6fcd6f6157edc9b7d8be4f6') in 0.009360 seconds
  Import took 0.012096 seconds .

========================================================================
Received Import Request.
  Time since last request: 2.987485 seconds.
  path: Assets/UnityGLTF/Samples/TextureTransformTest.unity
  artifactKey: Guid(02a966d1c55ae1042b47fa54f4a7716a) Importer(815301076,1909f56bfc062723c751e8b465ee728b)
Start importing Assets/UnityGLTF/Samples/TextureTransformTest.unity using Guid(02a966d1c55ae1042b47fa54f4a7716a) Importer(815301076,1909f56bfc062723c751e8b465ee728b)  -> (artifact id: '0f808b58274b81f2a47f18ebb6834e79') in 0.009020 seconds
  Import took 0.011763 seconds .

========================================================================
Received Import Request.
  Time since last request: 1.828603 seconds.
  path: Assets/UnityGLTF/Samples/TestSceneScene.unity
  artifactKey: Guid(a098a7e6ffdf4eb4696cb0674a36abf4) Importer(815301076,1909f56bfc062723c751e8b465ee728b)
Start importing Assets/UnityGLTF/Samples/TestSceneScene.unity using Guid(a098a7e6ffdf4eb4696cb0674a36abf4) Importer(815301076,1909f56bfc062723c751e8b465ee728b)  -> (artifact id: '10d660d70ec431ef3c3f5f89510ed1e3') in 0.010103 seconds
  Import took 0.013188 seconds .

========================================================================
Received Import Request.
  Time since last request: 0.002439 seconds.
  path: Assets/UnityGLTF/Samples/TestSceneScene.unity
  artifactKey: Guid(a098a7e6ffdf4eb4696cb0674a36abf4) Importer(815301076,1909f56bfc062723c751e8b465ee728b)
Start importing Assets/UnityGLTF/Samples/TestSceneScene.unity using Guid(a098a7e6ffdf4eb4696cb0674a36abf4) Importer(815301076,1909f56bfc062723c751e8b465ee728b)  -> (artifact id: '10d660d70ec431ef3c3f5f89510ed1e3') in 0.002925 seconds
  Import took 0.006016 seconds .

========================================================================
Received Prepare
Registering precompiled user dll's ...
Registered in 0.037846 seconds.
Begin MonoManager ReloadAssembly
Symbol file LoadedFromMemory is not a mono symbol file
Native extension for WindowsStandalone target not found
Native extension for WebGL target not found
Refreshing native plugins compatible for Editor in 0.73 ms, found 0 plugins.
Preloading 0 native plugins for Editor in 0.00 ms.
Invoked RoslynAnalysisRunner static constructor.
RoslynAnalysisRunner will not be running.
RoslynAnalysisRunner has terminated.
Mono: successfully reloaded assembly
- Completed reload, in  1.328 seconds
Platform modules already initialized, skipping
Refreshing native plugins compatible for Editor in 0.75 ms, found 0 plugins.
Preloading 0 native plugins for Editor in 0.00 ms.
Unloading 1221 Unused Serialized files (Serialized files now loaded: 0)
System memory in use before: 65.0 MB.
System memory in use after: 65.1 MB.

Unloading 81 unused Assets to reduce memory usage. Loaded Objects now: 1610.
Total: 3.698300 ms (FindLiveObjects: 0.272300 ms CreateObjectMapping: 0.097100 ms MarkObjects: 3.187200 ms  DeleteObjects: 0.139300 ms)

========================================================================
Received Import Request.
  Time since last request: 89.117462 seconds.
  path: Assets/UnityGLTF/Editor/Scripts/GLTFImporter.cs
  artifactKey: Guid(804e1ce4c496647cfa3f1a1134187c71) Importer(815301076,1909f56bfc062723c751e8b465ee728b)
Start importing Assets/UnityGLTF/Editor/Scripts/GLTFImporter.cs using Guid(804e1ce4c496647cfa3f1a1134187c71) Importer(815301076,1909f56bfc062723c751e8b465ee728b)  -> (artifact id: '29bf9f68627ca11d7b885a02c6f40276') in 0.040259 seconds
  Import took 0.046054 seconds .

========================================================================
Received Prepare
Registering precompiled user dll's ...
Registered in 0.036500 seconds.
Begin MonoManager ReloadAssembly
Symbol file LoadedFromMemory is not a mono symbol file
Native extension for WindowsStandalone target not found
Native extension for WebGL target not found
Refreshing native plugins compatible for Editor in 1.79 ms, found 0 plugins.
Preloading 0 native plugins for Editor in 0.00 ms.
Invoked RoslynAnalysisRunner static constructor.
RoslynAnalysisRunner will not be running.
RoslynAnalysisRunner has terminated.
Mono: successfully reloaded assembly
- Completed reload, in  1.462 seconds
Platform modules already initialized, skipping
Refreshing native plugins compatible for Editor in 0.83 ms, found 0 plugins.
Preloading 0 native plugins for Editor in 0.00 ms.
Unloading 1221 Unused Serialized files (Serialized files now loaded: 0)
System memory in use before: 65.1 MB.
System memory in use after: 65.2 MB.

Unloading 81 unused Assets to reduce memory usage. Loaded Objects now: 1612.
Total: 2.131700 ms (FindLiveObjects: 0.269800 ms CreateObjectMapping: 0.077500 ms MarkObjects: 1.724800 ms  DeleteObjects: 0.058000 ms)

========================================================================
Received Import Request.
  Time since last request: 87.293001 seconds.
  path: Assets/UnityGLTF/Editor/Scripts/GLTFImporterNormals.cs
  artifactKey: Guid(f3961a7b54dd64330a1228d3aa9993c0) Importer(815301076,1909f56bfc062723c751e8b465ee728b)
Start importing Assets/UnityGLTF/Editor/Scripts/GLTFImporterNormals.cs using Guid(f3961a7b54dd64330a1228d3aa9993c0) Importer(815301076,1909f56bfc062723c751e8b465ee728b)  -> (artifact id: '93a2f0cdff52f7d82aaf9942fb9f50a5') in 0.017031 seconds
  Import took 0.020050 seconds .

========================================================================
Received Prepare
Registering precompiled user dll's ...
Registered in 0.036491 seconds.
Begin MonoManager ReloadAssembly
Symbol file LoadedFromMemory is not a mono symbol file
Native extension for WindowsStandalone target not found
Native extension for WebGL target not found
Refreshing native plugins compatible for Editor in 1.01 ms, found 0 plugins.
Preloading 0 native plugins for Editor in 0.00 ms.
Invoked RoslynAnalysisRunner static constructor.
RoslynAnalysisRunner will not be running.
RoslynAnalysisRunner has terminated.
Mono: successfully reloaded assembly
- Completed reload, in  1.379 seconds
Platform modules already initialized, skipping
Refreshing native plugins compatible for Editor in 1.05 ms, found 0 plugins.
Preloading 0 native plugins for Editor in 0.00 ms.
Unloading 1221 Unused Serialized files (Serialized files now loaded: 0)
System memory in use before: 65.3 MB.
System memory in use after: 65.4 MB.

Unloading 81 unused Assets to reduce memory usage. Loaded Objects now: 1614.
Total: 2.797000 ms (FindLiveObjects: 0.339300 ms CreateObjectMapping: 0.161300 ms MarkObjects: 2.219900 ms  DeleteObjects: 0.074500 ms)

========================================================================
Received Prepare
Registering precompiled user dll's ...
Registered in 0.033364 seconds.
Begin MonoManager ReloadAssembly
Symbol file LoadedFromMemory is not a mono symbol file
Native extension for WindowsStandalone target not found
Native extension for WebGL target not found
Refreshing native plugins compatible for Editor in 0.72 ms, found 0 plugins.
Preloading 0 native plugins for Editor in 0.00 ms.
Invoked RoslynAnalysisRunner static constructor.
RoslynAnalysisRunner will not be running.
RoslynAnalysisRunner has terminated.
Mono: successfully reloaded assembly
- Completed reload, in  1.107 seconds
Platform modules already initialized, skipping
Refreshing native plugins compatible for Editor in 1.51 ms, found 0 plugins.
Preloading 0 native plugins for Editor in 0.00 ms.
Unloading 1221 Unused Serialized files (Serialized files now loaded: 0)
System memory in use before: 65.5 MB.
System memory in use after: 65.6 MB.

Unloading 81 unused Assets to reduce memory usage. Loaded Objects now: 1616.
Total: 3.912800 ms (FindLiveObjects: 0.344300 ms CreateObjectMapping: 0.112500 ms MarkObjects: 3.356700 ms  DeleteObjects: 0.096600 ms)

========================================================================
Received Prepare
Registering precompiled user dll's ...
Registered in 0.044582 seconds.
Begin MonoManager ReloadAssembly
Symbol file LoadedFromMemory is not a mono symbol file
Native extension for WindowsStandalone target not found
Native extension for WebGL target not found
Refreshing native plugins compatible for Editor in 0.69 ms, found 0 plugins.
Preloading 0 native plugins for Editor in 0.00 ms.
Invoked RoslynAnalysisRunner static constructor.
RoslynAnalysisRunner will not be running.
RoslynAnalysisRunner has terminated.
Mono: successfully reloaded assembly
- Completed reload, in  1.008 seconds
Platform modules already initialized, skipping
Refreshing native plugins compatible for Editor in 0.80 ms, found 0 plugins.
Preloading 0 native plugins for Editor in 0.00 ms.
Unloading 1221 Unused Serialized files (Serialized files now loaded: 0)
System memory in use before: 65.7 MB.
System memory in use after: 65.8 MB.

Unloading 81 unused Assets to reduce memory usage. Loaded Objects now: 1618.
Total: 2.285000 ms (FindLiveObjects: 0.339400 ms CreateObjectMapping: 0.102100 ms MarkObjects: 1.790400 ms  DeleteObjects: 0.051400 ms)

========================================================================
Received Prepare
Registering precompiled user dll's ...
Registered in 0.040862 seconds.
Begin MonoManager ReloadAssembly
Symbol file LoadedFromMemory is not a mono symbol file
Native extension for WindowsStandalone target not found
Native extension for WebGL target not found
Refreshing native plugins compatible for Editor in 0.71 ms, found 0 plugins.
Preloading 0 native plugins for Editor in 0.00 ms.
Invoked RoslynAnalysisRunner static constructor.
RoslynAnalysisRunner will not be running.
RoslynAnalysisRunner has terminated.
Mono: successfully reloaded assembly
- Completed reload, in  1.012 seconds
Platform modules already initialized, skipping
Refreshing native plugins compatible for Editor in 1.06 ms, found 0 plugins.
Preloading 0 native plugins for Editor in 0.00 ms.
Unloading 1221 Unused Serialized files (Serialized files now loaded: 0)
System memory in use before: 65.8 MB.
System memory in use after: 65.9 MB.

Unloading 81 unused Assets to reduce memory usage. Loaded Objects now: 1620.
Total: 2.046000 ms (FindLiveObjects: 0.155600 ms CreateObjectMapping: 0.041900 ms MarkObjects: 1.803100 ms  DeleteObjects: 0.044400 ms)

